# JRE version: OpenJDK Runtime Environment (11.0.6+10) (build 11.0.6+10-post-Ubuntu-1ubuntu118.04.1)
# Java VM: OpenJDK 64-Bit Server VM (11.0.6+10-post-Ubuntu-1ubuntu118.04.1, mixed mode, sharing, tiered, compressed oops, g1 gc, linux-amd64)
Heap:
 garbage-first heap   total 188416K, used 56597K [0x0000000088e00000, 0x0000000100000000)
  region size 1024K, 42 young (43008K), 11 survivors (11264K)
 Metaspace       used 63188K, capacity 64657K, committed 64776K, reserved 1105920K
  class space    used 8288K, capacity 8910K, committed 8960K, reserved 1048576K
GC Heap History (18 events):
Event: 0,809 GC heap before
{Heap before GC invocations=0 (full 0):
 garbage-first heap   total 124928K, used 25284K [0x0000000088e00000, 0x0000000100000000)
  region size 1024K, 24 young (24576K), 0 survivors (0K)
 Metaspace       used 4820K, capacity 7002K, committed 7168K, reserved 1056768K
  class space    used 553K, capacity 767K, committed 768K, reserved 1048576K
}
Event: 0,827 GC heap after
{Heap after GC invocations=1 (full 0):
 garbage-first heap   total 124928K, used 7698K [0x0000000088e00000, 0x0000000100000000)
  region size 1024K, 3 young (3072K), 3 survivors (3072K)
 Metaspace       used 4820K, capacity 7002K, committed 7168K, reserved 1056768K
  class space    used 553K, capacity 767K, committed 768K, reserved 1048576K
}
Event: 1,138 GC heap before
{Heap before GC invocations=1 (full 0):
 garbage-first heap   total 124928K, used 35346K [0x0000000088e00000, 0x0000000100000000)
  region size 1024K, 30 young (30720K), 3 survivors (3072K)
 Metaspace       used 9490K, capacity 10421K, committed 10752K, reserved 1058816K
  class space    used 1275K, capacity 1416K, committed 1536K, reserved 1048576K
}
Event: 1,153 GC heap after
{Heap after GC invocations=2 (full 0):
 garbage-first heap   total 124928K, used 8768K [0x0000000088e00000, 0x0000000100000000)
  region size 1024K, 2 young (2048K), 2 survivors (2048K)
 Metaspace       used 9490K, capacity 10421K, committed 10752K, reserved 1058816K
  class space    used 1275K, capacity 1416K, committed 1536K, reserved 1048576K
}
Event: 1,804 GC heap before
{Heap before GC invocations=2 (full 0):
 garbage-first heap   total 124928K, used 48704K [0x0000000088e00000, 0x0000000100000000)
  region size 1024K, 42 young (43008K), 2 survivors (2048K)
 Metaspace       used 16932K, capacity 17486K, committed 17792K, reserved 1064960K
  class space    used 2170K, capacity 2388K, committed 2432K, reserved 1048576K
}
Event: 1,812 GC heap after
{Heap after GC invocations=3 (full 0):
 garbage-first heap   total 124928K, used 9880K [0x0000000088e00000, 0x0000000100000000)
  region size 1024K, 3 young (3072K), 3 survivors (3072K)
 Metaspace       used 16932K, capacity 17486K, committed 17792K, reserved 1064960K
  class space    used 2170K, capacity 2388K, committed 2432K, reserved 1048576K
}
Event: 2,337 GC heap before
{Heap before GC invocations=3 (full 0):
 garbage-first heap   total 124928K, used 70296K [0x0000000088e00000, 0x0000000100000000)
  region size 1024K, 63 young (64512K), 3 survivors (3072K)
 Metaspace       used 19352K, capacity 19949K, committed 20224K, reserved 1067008K
  class space    used 2467K, capacity 2696K, committed 2816K, reserved 1048576K
}
Event: 2,348 GC heap after
{Heap after GC invocations=4 (full 0):
 garbage-first heap   total 124928K, used 11320K [0x0000000088e00000, 0x0000000100000000)
  region size 1024K, 4 young (4096K), 4 survivors (4096K)
 Metaspace       used 19352K, capacity 19949K, committed 20224K, reserved 1067008K
  class space    used 2467K, capacity 2696K, committed 2816K, reserved 1048576K
}
Event: 2,531 GC heap before
{Heap before GC invocations=4 (full 0):
 garbage-first heap   total 124928K, used 25656K [0x0000000088e00000, 0x0000000100000000)
  region size 1024K, 20 young (20480K), 4 survivors (4096K)
 Metaspace       used 20566K, capacity 21176K, committed 21296K, reserved 1067008K
  class space    used 2611K, capacity 2844K, committed 2944K, reserved 1048576K
}
Event: 2,542 GC heap after
{Heap after GC invocations=5 (full 0):
 garbage-first heap   total 154624K, used 12131K [0x0000000088e00000, 0x0000000100000000)
  region size 1024K, 5 young (5120K), 5 survivors (5120K)
 Metaspace       used 20566K, capacity 21176K, committed 21296K, reserved 1067008K
  class space    used 2611K, capacity 2844K, committed 2944K, reserved 1048576K
}
Event: 3,597 GC heap before
{Heap before GC invocations=6 (full 0):
 garbage-first heap   total 154624K, used 79715K [0x0000000088e00000, 0x0000000100000000)
  region size 1024K, 72 young (73728K), 5 survivors (5120K)
 Metaspace       used 28204K, capacity 29101K, committed 29232K, reserved 1075200K
  class space    used 3562K, capacity 3941K, committed 3968K, reserved 1048576K
}
Event: 3,609 GC heap after
{Heap after GC invocations=7 (full 0):
 garbage-first heap   total 154624K, used 15067K [0x0000000088e00000, 0x0000000100000000)
  region size 1024K, 8 young (8192K), 8 survivors (8192K)
 Metaspace       used 28204K, capacity 29101K, committed 29232K, reserved 1075200K
  class space    used 3562K, capacity 3941K, committed 3968K, reserved 1048576K
}
Event: 4,343 GC heap before
{Heap before GC invocations=7 (full 0):
 garbage-first heap   total 154624K, used 86747K [0x0000000088e00000, 0x0000000100000000)
  region size 1024K, 80 young (81920K), 8 survivors (8192K)
 Metaspace       used 34651K, capacity 35604K, committed 35920K, reserved 1081344K
  class space    used 4606K, capacity 4997K, committed 5120K, reserved 1048576K
}
Event: 4,367 GC heap after
{Heap after GC invocations=8 (full 0):
 garbage-first heap   total 154624K, used 16834K [0x0000000088e00000, 0x0000000100000000)
  region size 1024K, 7 young (7168K), 7 survivors (7168K)
 Metaspace       used 34651K, capacity 35604K, committed 35920K, reserved 1081344K
  class space    used 4606K, capacity 4997K, committed 5120K, reserved 1048576K
}
Event: 5,881 GC heap before
{Heap before GC invocations=9 (full 0):
 garbage-first heap   total 154624K, used 100802K [0x0000000088e00000, 0x0000000100000000)
  region size 1024K, 90 young (92160K), 7 survivors (7168K)
 Metaspace       used 51013K, capacity 52145K, committed 52688K, reserved 1095680K
  class space    used 6791K, capacity 7239K, committed 7296K, reserved 1048576K
}
Event: 5,898 GC heap after
{Heap after GC invocations=10 (full 0):
 garbage-first heap   total 154624K, used 20623K [0x0000000088e00000, 0x0000000100000000)
  region size 1024K, 10 young (10240K), 10 survivors (10240K)
 Metaspace       used 51013K, capacity 52145K, committed 52688K, reserved 1095680K
  class space    used 6791K, capacity 7239K, committed 7296K, reserved 1048576K
}
Event: 7,156 GC heap before
{Heap before GC invocations=10 (full 0):
 garbage-first heap   total 154624K, used 100495K [0x0000000088e00000, 0x0000000100000000)
  region size 1024K, 89 young (91136K), 10 survivors (10240K)
 Metaspace       used 58867K, capacity 60282K, committed 60296K, reserved 1101824K
  class space    used 7747K, capacity 8320K, committed 8320K, reserved 1048576K
}
Event: 7,175 GC heap after
{Heap after GC invocations=11 (full 0):
 garbage-first heap   total 188416K, used 25877K [0x0000000088e00000, 0x0000000100000000)
  region size 1024K, 11 young (11264K), 11 survivors (11264K)
 Metaspace       used 58867K, capacity 60282K, committed 60296K, reserved 1101824K
  class space    used 7747K, capacity 8320K, committed 8320K, reserved 1048576K
}

