# JRE version: OpenJDK Runtime Environment (11.0.6+10) (build 11.0.6+10-post-Ubuntu-1ubuntu118.04.1)
# Java VM: OpenJDK 64-Bit Server VM (11.0.6+10-post-Ubuntu-1ubuntu118.04.1, mixed mode, sharing, tiered, compressed oops, g1 gc, linux-amd64)
Heap:
 garbage-first heap   total 124928K, used 20164K [0x0000000088e00000, 0x0000000100000000)
  region size 1024K, 5 young (5120K), 4 survivors (4096K)
 Metaspace       used 20811K, capacity 21292K, committed 21504K, reserved 1069056K
  class space    used 2419K, capacity 2559K, committed 2560K, reserved 1048576K
GC Heap History (8 events):
Event: 0,710 GC heap before
{Heap before GC invocations=0 (full 0):
 garbage-first heap   total 124928K, used 24260K [0x0000000088e00000, 0x0000000100000000)
  region size 1024K, 24 young (24576K), 0 survivors (0K)
 Metaspace       used 5933K, capacity 7936K, committed 8192K, reserved 1056768K
  class space    used 701K, capacity 903K, committed 1024K, reserved 1048576K
}
Event: 0,719 GC heap after
{Heap after GC invocations=1 (full 0):
 garbage-first heap   total 124928K, used 3989K [0x0000000088e00000, 0x0000000100000000)
  region size 1024K, 3 young (3072K), 3 survivors (3072K)
 Metaspace       used 5933K, capacity 7936K, committed 8192K, reserved 1056768K
  class space    used 701K, capacity 903K, committed 1024K, reserved 1048576K
}
Event: 2,041 GC heap before
{Heap before GC invocations=1 (full 0):
 garbage-first heap   total 124928K, used 74645K [0x0000000088e00000, 0x0000000100000000)
  region size 1024K, 72 young (73728K), 3 survivors (3072K)
 Metaspace       used 13241K, capacity 14338K, committed 14592K, reserved 1062912K
  class space    used 1556K, capacity 1741K, committed 1792K, reserved 1048576K
}
Event: 2,070 GC heap after
{Heap after GC invocations=2 (full 0):
 garbage-first heap   total 124928K, used 9949K [0x0000000088e00000, 0x0000000100000000)
  region size 1024K, 9 young (9216K), 9 survivors (9216K)
 Metaspace       used 13241K, capacity 14338K, committed 14592K, reserved 1062912K
  class space    used 1556K, capacity 1741K, committed 1792K, reserved 1048576K
}
Event: 2,946 GC heap before
{Heap before GC invocations=2 (full 0):
 garbage-first heap   total 124928K, used 74461K [0x0000000088e00000, 0x0000000100000000)
  region size 1024K, 72 young (73728K), 9 survivors (9216K)
 Metaspace       used 13996K, capacity 14915K, committed 15104K, reserved 1062912K
  class space    used 1595K, capacity 1781K, committed 1792K, reserved 1048576K
}
Event: 2,985 GC heap after
{Heap after GC invocations=3 (full 0):
 garbage-first heap   total 124928K, used 15912K [0x0000000088e00000, 0x0000000100000000)
  region size 1024K, 6 young (6144K), 6 survivors (6144K)
 Metaspace       used 13996K, capacity 14915K, committed 15104K, reserved 1062912K
  class space    used 1595K, capacity 1781K, committed 1792K, reserved 1048576K
}
Event: 3,794 GC heap before
{Heap before GC invocations=3 (full 0):
 garbage-first heap   total 124928K, used 44584K [0x0000000088e00000, 0x0000000100000000)
  region size 1024K, 35 young (35840K), 6 survivors (6144K)
 Metaspace       used 20582K, capacity 20998K, committed 21248K, reserved 1069056K
  class space    used 2392K, capacity 2526K, committed 2560K, reserved 1048576K
}
Event: 3,814 GC heap after
{Heap after GC invocations=4 (full 0):
 garbage-first heap   total 124928K, used 20164K [0x0000000088e00000, 0x0000000100000000)
  region size 1024K, 4 young (4096K), 4 survivors (4096K)
 Metaspace       used 20582K, capacity 20998K, committed 21248K, reserved 1069056K
  class space    used 2392K, capacity 2526K, committed 2560K, reserved 1048576K
}

